<?xml version="1.0" encoding="UTF-8"?>
<!-- Generated by org.testng.reporters.JUnitReportReporter -->
<testsuite skipped="0" hostname="Narasimharaos-MacBook-Pro.local" name="com.ibm.commerce.cmc.catalogs.testcases.ExtendedSitesCatalogAssetStoreCategoriesListTest" tests="3" failures="0" timestamp="05 Feb 2019 14:09:33 GMT" time="0.596" errors="0">
  <testcase name="extendedSitesCatalogAssetStoreCategoriesListPageHeadingTest" time="0.129" classname="com.ibm.commerce.cmc.catalogs.testcases.ExtendedSitesCatalogAssetStoreCategoriesListTest"/>
  <testcase name="verifyAllColumnsDisplayedOnThePage" time="0.217" classname="com.ibm.commerce.cmc.catalogs.testcases.ExtendedSitesCatalogAssetStoreCategoriesListTest"/>
  <testcase name="verifyAllColumnsClickable" time="0.250" classname="com.ibm.commerce.cmc.catalogs.testcases.ExtendedSitesCatalogAssetStoreCategoriesListTest"/>
</testsuite> <!-- com.ibm.commerce.cmc.catalogs.testcases.ExtendedSitesCatalogAssetStoreCategoriesListTest -->
