<?xml version="1.0" encoding="UTF-8"?>
<!-- Generated by org.testng.reporters.JUnitReportReporter -->
<testsuite skipped="0" hostname="Narasimharaos-MacBook-Pro.local" name="com.ibm.commerce.cmc.base.TestBase" tests="1" failures="0" timestamp="01 Feb 2019 12:18:25 GMT" time="6.928" errors="0">
  <testcase name="getData" time="6.928" classname="com.ibm.commerce.cmc.base.TestBase"/>
</testsuite> <!-- com.ibm.commerce.cmc.base.TestBase -->
