<?xml version="1.0" encoding="UTF-8"?>
<!-- Generated by org.testng.reporters.JUnitReportReporter -->
<testsuite skipped="0" hostname="Narasimharaos-MacBook-Pro.local" name="com.ibm.commerce.cmc.catalogs.testcases.UnassignedCatalogEntriesPageTest" tests="3" failures="0" timestamp="26 Feb 2019 11:58:31 GMT" time="0.610" errors="0">
  <testcase name="unassignedCatalogEntriesPageHeadingTest" time="0.064" classname="com.ibm.commerce.cmc.catalogs.testcases.UnassignedCatalogEntriesPageTest"/>
  <testcase name="verifyAllColumnsDisplayedOnThePage" time="0.236" classname="com.ibm.commerce.cmc.catalogs.testcases.UnassignedCatalogEntriesPageTest"/>
  <testcase name="veriverifyAllColumnsClickable" time="0.310" classname="com.ibm.commerce.cmc.catalogs.testcases.UnassignedCatalogEntriesPageTest"/>
</testsuite> <!-- com.ibm.commerce.cmc.catalogs.testcases.UnassignedCatalogEntriesPageTest -->
