<?xml version="1.0" encoding="UTF-8"?>
<!-- Generated by org.testng.reporters.JUnitReportReporter -->
<testsuite skipped="0" hostname="Narasimharaos-MacBook-Pro.local" name="com.ibm.commerce.cmc.catalogs.testcases.SearchResultsPageTest" tests="3" failures="0" timestamp="26 Feb 2019 11:58:31 GMT" time="0.654" errors="0">
  <testcase name="searchResultsPageHeadingTest" time="0.046" classname="com.ibm.commerce.cmc.catalogs.testcases.SearchResultsPageTest"/>
  <testcase name="verifyAllColumnsDisplayedOnThePage" time="0.260" classname="com.ibm.commerce.cmc.catalogs.testcases.SearchResultsPageTest"/>
  <testcase name="veriverifyAllColumnsClickable" time="0.348" classname="com.ibm.commerce.cmc.catalogs.testcases.SearchResultsPageTest"/>
</testsuite> <!-- com.ibm.commerce.cmc.catalogs.testcases.SearchResultsPageTest -->
